Watching for file changes with StatReloader
08_Weather.ipynb#cell20:1: UserWarning: Starting a Matplotlib GUI outside of the main thread will likely fail.
07_Analytics.ipynb#cell24:1: UserWarning: Starting a Matplotlib GUI outside of the main thread will likely fail.
09_Notification.ipynb#cell22:1: UserWarning: Starting a Matplotlib GUI outside of the main thread will likely fail.
07_Analytics.ipynb#cell24:21: UserWarning: Adding colorbar to a different Figure <Figure size 1500x1000 with 5 Axes> than <Figure size 1400x800 with 4 Axes> which fig.colorbar is called on.
08_Weather.ipynb#cell20:1: UserWarning: Starting a Matplotlib GUI outside of the main thread will likely fail.
[28/Apr/2026 11:40:53] "GET /api/notifications/ HTTP/1.1" 200 115634
[28/Apr/2026 11:40:53] "GET /api/analytics/ HTTP/1.1" 200 14313
[28/Apr/2026 11:40:53] "GET /api/notifications/ HTTP/1.1" 200 115634
[28/Apr/2026 11:40:53] "GET /api/analytics/ HTTP/1.1" 200 14313
[28/Apr/2026 11:40:53] "GET /api/analytics/ HTTP/1.1" 200 14313
[28/Apr/2026 11:40:53] "GET /api/analytics/ HTTP/1.1" 200 14313
[28/Apr/2026 11:40:53] "GET /api/weather/ HTTP/1.1" 200 19413
[28/Apr/2026 11:40:53] "GET /api/weather/?refresh=1 HTTP/1.1" 200 19455
[28/Apr/2026 11:40:53] "GET /api/weather/ HTTP/1.1" 200 19413
[28/Apr/2026 11:40:54,050] - Broken pipe from ('127.0.0.1', 49726)
[28/Apr/2026 11:40:56] "GET /api/weather/ HTTP/1.1" 200 19413
[28/Apr/2026 11:40:56] "GET /api/weather/ HTTP/1.1" 200 19413
08_Weather.ipynb#cell20:1: UserWarning: Starting a Matplotlib GUI outside of the main thread will likely fail.
[28/Apr/2026 11:41:31] "GET /api/weather/?refresh=1 HTTP/1.1" 200 19455
08_Weather.ipynb#cell20:1: UserWarning: Starting a Matplotlib GUI outside of the main thread will likely fail.
[28/Apr/2026 11:41:40] "GET /api/weather/?refresh=1 HTTP/1.1" 200 19455
[28/Apr/2026 11:42:13] "GET /api/test/ HTTP/1.1" 200 209
[28/Apr/2026 11:42:14] "GET /api/test/ HTTP/1.1" 200 209
01_Command_Center.ipynb#cell15:1: UserWarning: Starting a Matplotlib GUI outside of the main thread will likely fail.
[28/Apr/2026 11:42:14] "GET /api/command-center/ HTTP/1.1" 200 5577
[28/Apr/2026 11:42:14] "GET /api/command-center/ HTTP/1.1" 200 5577
[28/Apr/2026 11:42:17] "GET /api/weather/ HTTP/1.1" 200 19455
[28/Apr/2026 11:42:18] "GET /api/weather/ HTTP/1.1" 200 19455
[28/Apr/2026 11:43:29] "GET /api/command-center/ HTTP/1.1" 200 5577
[28/Apr/2026 11:43:29] "GET /api/test/ HTTP/1.1" 200 209
[28/Apr/2026 11:43:29] "GET /api/command-center/ HTTP/1.1" 200 5577
[28/Apr/2026 11:43:29] "GET /api/test/ HTTP/1.1" 200 209
[28/Apr/2026 11:43:30] "GET /api/command-center/ HTTP/1.1" 200 5577
[28/Apr/2026 11:43:30] "GET /api/test/ HTTP/1.1" 200 209
[28/Apr/2026 11:43:30] "GET /api/command-center/ HTTP/1.1" 200 5577
[28/Apr/2026 11:43:30] "GET /api/test/ HTTP/1.1" 200 209
[28/Apr/2026 11:43:31] "GET /api/command-center/ HTTP/1.1" 200 5577
[28/Apr/2026 11:43:31] "GET /api/test/ HTTP/1.1" 200 209
[28/Apr/2026 11:43:31] "GET /api/command-center/ HTTP/1.1" 200 5577
[28/Apr/2026 11:43:31] "GET /api/test/ HTTP/1.1" 200 209
03_Human_Resources.ipynb#cell22:1: UserWarning: Starting a Matplotlib GUI outside of the main thread will likely fail.
[28/Apr/2026 11:43:34] "GET /api/human-resources/ HTTP/1.1" 200 94315
[28/Apr/2026 11:43:34] "GET /api/human-resources/ HTTP/1.1" 200 94315
07_Analytics.ipynb#cell24:1: UserWarning: Starting a Matplotlib GUI outside of the main thread will likely fail.
[28/Apr/2026 11:43:36] "GET /api/analytics/ HTTP/1.1" 200 14307
[28/Apr/2026 11:43:36] "GET /api/analytics/ HTTP/1.1" 200 14307
[28/Apr/2026 11:43:37] "GET /api/weather/ HTTP/1.1" 200 19455
[28/Apr/2026 11:43:39] "GET /api/weather/ HTTP/1.1" 200 19455
D:\b tech\4 sem\Project Airport\Project\backend\api\notebook_services\weather.py changed, reloading.
Exception ignored in atexit callback <bound method Gcf.destroy_all of <class 'matplotlib._pylab_helpers.Gcf'>>:
Traceback (most recent call last):
  File "D:\b tech\4 sem\Project Airport\Project\env\Lib\site-packages\matplotlib\_pylab_helpers.py", line 81, in destroy_all
    manager.destroy()
  File "D:\b tech\4 sem\Project Airport\Project\env\Lib\site-packages\matplotlib\backends\_backend_tk.py", line 618, in destroy
    self._window_dpi.trace_remove('write', self._window_dpi_cbname)
  File "C:\Users\ncr\AppData\Local\Programs\Python\Python313\Lib\tkinter\__init__.py", line 474, in trace_remove
    self._tk.call('trace', 'remove', 'variable',
RuntimeError: main thread is not in main loop
Watching for file changes with StatReloader
05_Infrastructure.ipynb#cell20:1: UserWarning: Starting a Matplotlib GUI outside of the main thread will likely fail.
07_Analytics.ipynb#cell24:1: UserWarning: Starting a Matplotlib GUI outside of the main thread will likely fail.
08_Weather.ipynb#cell20:1: UserWarning: Starting a Matplotlib GUI outside of the main thread will likely fail.
[28/Apr/2026 11:44:29] "GET /api/infrastructure/ HTTP/1.1" 200 41636
[28/Apr/2026 11:44:29] "GET /api/infrastructure/ HTTP/1.1" 200 41636
[28/Apr/2026 11:44:30] "GET /api/analytics/ HTTP/1.1" 200 14308
[28/Apr/2026 11:44:30] "GET /api/analytics/ HTTP/1.1" 200 14308
08_Weather.ipynb#cell20:1: UserWarning: Starting a Matplotlib GUI outside of the main thread will likely fail.
05_Infrastructure.ipynb#cell20:1: UserWarning: Starting a Matplotlib GUI outside of the main thread will likely fail.
[28/Apr/2026 11:44:33] "GET /api/weather/ HTTP/1.1" 200 19455
[28/Apr/2026 11:44:34] "GET /api/weather/ HTTP/1.1" 200 19455
01_Command_Center.ipynb#cell15:1: UserWarning: Starting a Matplotlib GUI outside of the main thread will likely fail.
02_Flight_Operation.ipynb#cell18:1: UserWarning: Starting a Matplotlib GUI outside of the main thread will likely fail.
03_Human_Resources.ipynb#cell22:1: UserWarning: Starting a Matplotlib GUI outside of the main thread will likely fail.
[28/Apr/2026 11:44:35] "GET /api/infrastructure/ HTTP/1.1" 200 39314
[28/Apr/2026 11:44:35] "GET /api/infrastructure/ HTTP/1.1" 200 39314
[28/Apr/2026 11:44:36] "GET /api/flight-operations/ HTTP/1.1" 200 26280
[28/Apr/2026 11:44:36] "GET /api/command-center/ HTTP/1.1" 200 5577
[28/Apr/2026 11:44:36] "GET /api/flight-operations/ HTTP/1.1" 200 26280
[28/Apr/2026 11:44:36] "GET /api/command-center/ HTTP/1.1" 200 5577
[28/Apr/2026 11:44:36] "GET /api/human-resources/ HTTP/1.1" 200 94291
[28/Apr/2026 11:44:36] "GET /api/human-resources/ HTTP/1.1" 200 94291
D:\b tech\4 sem\Project Airport\Project\backend\api\notebook_services\weather.py changed, reloading.
[28/Apr/2026 11:44:37] "GET /api/weather/?refresh=1 HTTP/1.1" 200 19452
[28/Apr/2026 11:44:37,191] - Broken pipe from ('127.0.0.1', 58326)
Exception ignored in atexit callback <bound method Gcf.destroy_all of <class 'matplotlib._pylab_helpers.Gcf'>>:
Traceback (most recent call last):
  File "D:\b tech\4 sem\Project Airport\Project\env\Lib\site-packages\matplotlib\_pylab_helpers.py", line 81, in destroy_all
    manager.destroy()
  File "D:\b tech\4 sem\Project Airport\Project\env\Lib\site-packages\matplotlib\backends\_backend_tk.py", line 618, in destroy
    self._window_dpi.trace_remove('write', self._window_dpi_cbname)
  File "C:\Users\ncr\AppData\Local\Programs\Python\Python313\Lib\tkinter\__init__.py", line 474, in trace_remove
    self._tk.call('trace', 'remove', 'variable',
RuntimeError: main thread is not in main loop
Watching for file changes with StatReloader
07_Analytics.ipynb#cell24:1: UserWarning: Starting a Matplotlib GUI outside of the main thread will likely fail.
[28/Apr/2026 11:44:41] "GET /api/analytics/ HTTP/1.1" 200 14307
[28/Apr/2026 11:44:41] "GET /api/analytics/ HTTP/1.1" 200 14307
08_Weather.ipynb#cell20:1: UserWarning: Starting a Matplotlib GUI outside of the main thread will likely fail.
[28/Apr/2026 11:44:43] "GET /api/weather/ HTTP/1.1" 200 19455
[28/Apr/2026 11:44:44] "GET /api/weather/ HTTP/1.1" 200 19455
[28/Apr/2026 11:44:56] "GET /api/test/ HTTP/1.1" 200 209
[28/Apr/2026 11:44:56] "GET /api/test/ HTTP/1.1" 200 209
01_Command_Center.ipynb#cell15:1: UserWarning: Starting a Matplotlib GUI outside of the main thread will likely fail.
[28/Apr/2026 11:44:58] "GET /api/command-center/ HTTP/1.1" 200 5577
[28/Apr/2026 11:44:58] "GET /api/command-center/ HTTP/1.1" 200 5577
06_AI_Engine.ipynb#cell24:1: UserWarning: Starting a Matplotlib GUI outside of the main thread will likely fail.
[28/Apr/2026 11:44:59] "GET /api/weather/ HTTP/1.1" 200 19455
[28/Apr/2026 11:45:00] "GET /api/weather/ HTTP/1.1" 200 19455
